. env.sh && python ./run_disease_association.py
computing 581 diseases
diseaseannotation_id: 8151487
item ECO CODE:ISS
diseaseannotation_id: 8138894
item ECO CODE:ISS
diseaseannotation_id: 8549591
item ECO CODE:ISS
diseaseannotation_id: 8138916
item ECO CODE:ISS
diseaseannotation_id: 8549592
item ECO CODE:IMP
original eco code:ISS
adding new eco code:IMP
diseaseannotation_id: 8138938
item ECO CODE:ISS
diseaseannotation_id: 8138960
item ECO CODE:ISS
diseaseannotation_id: 8138982
item ECO CODE:ISS
diseaseannotation_id: 8139004
item ECO CODE:ISS
diseaseannotation_id: 8139026
item ECO CODE:ISS
diseaseannotation_id: 8139048
item ECO CODE:ISS
diseaseannotation_id: 8139070
item ECO CODE:ISS
diseaseannotation_id: 8139092
item ECO CODE:ISS
diseaseannotation_id: 8139114
item ECO CODE:ISS
diseaseannotation_id: 8139136
item ECO CODE:ISS
diseaseannotation_id: 8139158
item ECO CODE:ISS
diseaseannotation_id: 8139178
item ECO CODE:ISS
diseaseannotation_id: 8139198
item ECO CODE:ISS
diseaseannotation_id: 8139218
item ECO CODE:ISS
diseaseannotation_id: 8139238
item ECO CODE:ISS
diseaseannotation_id: 8139258
item ECO CODE:ISS
diseaseannotation_id: 8139278
item ECO CODE:ISS
diseaseannotation_id: 8139298
item ECO CODE:ISS
diseaseannotation_id: 8139318
item ECO CODE:ISS
diseaseannotation_id: 8139338
item ECO CODE:ISS
diseaseannotation_id: 8139358
item ECO CODE:ISS
diseaseannotation_id: 8138893
item ECO CODE:IGI
original eco code:ISS
adding new eco code:IGI
diseaseannotation_id: 8138915
item ECO CODE:IGI
original eco code:ISS
adding new eco code:IGI
diseaseannotation_id: 8138937
item ECO CODE:IGI
original eco code:ISS
adding new eco code:IGI
diseaseannotation_id: 8138959
item ECO CODE:IGI
original eco code:ISS
adding new eco code:IGI
diseaseannotation_id: 8138981
item ECO CODE:IGI
original eco code:ISS
adding new eco code:IGI
diseaseannotation_id: 8139003
item ECO CODE:IGI
original eco code:ISS
adding new eco code:IGI
diseaseannotation_id: 8139025
item ECO CODE:IGI
original eco code:ISS
adding new eco code:IGI
diseaseannotation_id: 8139047
item ECO CODE:IGI
original eco code:ISS
adding new eco code:IGI
diseaseannotation_id: 8151610
item ECO CODE:ISS
diseaseannotation_id: 8138896
item ECO CODE:ISS
diseaseannotation_id: 8138918
item ECO CODE:ISS
diseaseannotation_id: 8138940
item ECO CODE:ISS
diseaseannotation_id: 8138962
item ECO CODE:ISS
diseaseannotation_id: 8549596
item ECO CODE:IGI
diseaseannotation_id: 8138984
item ECO CODE:ISS
diseaseannotation_id: 8549597
item ECO CODE:ISS
original eco code:IGI
adding new eco code:ISS
diseaseannotation_id: 8139006
item ECO CODE:ISS
diseaseannotation_id: 8139028
item ECO CODE:ISS
diseaseannotation_id: 8139050
item ECO CODE:ISS
diseaseannotation_id: 8139072
item ECO CODE:ISS
diseaseannotation_id: 8139094
item ECO CODE:ISS
diseaseannotation_id: 8139116
item ECO CODE:ISS
diseaseannotation_id: 8139138
item ECO CODE:ISS
diseaseannotation_id: 8139160
item ECO CODE:ISS
diseaseannotation_id: 8139180
item ECO CODE:ISS
diseaseannotation_id: 8139200
item ECO CODE:ISS
diseaseannotation_id: 8139220
item ECO CODE:ISS
diseaseannotation_id: 8139240
item ECO CODE:ISS
diseaseannotation_id: 8139260
item ECO CODE:ISS
diseaseannotation_id: 8139280
item ECO CODE:ISS
diseaseannotation_id: 8139300
item ECO CODE:ISS
diseaseannotation_id: 8139320
item ECO CODE:ISS
diseaseannotation_id: 8139340
item ECO CODE:ISS
diseaseannotation_id: 8139360
item ECO CODE:ISS
diseaseannotation_id: 8139069
item ECO CODE:IGI
original eco code:ISS
adding new eco code:IGI
diseaseannotation_id: 8139091
item ECO CODE:IGI
original eco code:ISS
adding new eco code:IGI
diseaseannotation_id: 8139113
item ECO CODE:IGI
original eco code:ISS
adding new eco code:IGI
diseaseannotation_id: 8139135
item ECO CODE:IGI
original eco code:ISS
adding new eco code:IGI
diseaseannotation_id: 8139157
item ECO CODE:IGI
original eco code:ISS
adding new eco code:IGI
diseaseannotation_id: 8139197
item ECO CODE:IGI
original eco code:ISS
adding new eco code:IGI
diseaseannotation_id: 8139217
item ECO CODE:IGI
original eco code:ISS
adding new eco code:IGI
diseaseannotation_id: 8151611
item ECO CODE:ISS
diseaseannotation_id: 8138898
item ECO CODE:ISS
diseaseannotation_id: 8151612
item ECO CODE:ISS
diseaseannotation_id: 8138920
item ECO CODE:ISS
diseaseannotation_id: 8151613
item ECO CODE:ISS
diseaseannotation_id: 8138942
item ECO CODE:ISS
diseaseannotation_id: 8151614
item ECO CODE:ISS
diseaseannotation_id: 8138964
item ECO CODE:ISS
diseaseannotation_id: 8151615
item ECO CODE:ISS
diseaseannotation_id: 8138986
item ECO CODE:ISS
diseaseannotation_id: 8151616
item ECO CODE:ISS
diseaseannotation_id: 8139008
item ECO CODE:ISS
diseaseannotation_id: 8151622
item ECO CODE:ISS
diseaseannotation_id: 8139030
item ECO CODE:ISS
diseaseannotation_id: 8151623
item ECO CODE:IGI
original eco code:ISS
adding new eco code:IGI
diseaseannotation_id: 8139052
item ECO CODE:ISS
diseaseannotation_id: 8151624
item ECO CODE:ISS
diseaseannotation_id: 8139074
item ECO CODE:ISS
diseaseannotation_id: 8151625
item ECO CODE:IMP
original eco code:ISS
adding new eco code:IMP
diseaseannotation_id: 8139096
item ECO CODE:ISS
diseaseannotation_id: 8151630
item ECO CODE:ISS
diseaseannotation_id: 8139118
item ECO CODE:ISS
diseaseannotation_id: 8151631
item ECO CODE:IMP
original eco code:ISS
adding new eco code:IMP
diseaseannotation_id: 8139140
item ECO CODE:ISS
diseaseannotation_id: 8549598
item ECO CODE:ISS
diseaseannotation_id: 8139162
item ECO CODE:ISS
diseaseannotation_id: 8549599
item ECO CODE:IMP
original eco code:ISS
adding new eco code:IMP
diseaseannotation_id: 8139182
item ECO CODE:ISS
diseaseannotation_id: 8139202
item ECO CODE:ISS
diseaseannotation_id: 8139222
item ECO CODE:ISS
diseaseannotation_id: 8139242
item ECO CODE:ISS
diseaseannotation_id: 8139262
item ECO CODE:ISS
diseaseannotation_id: 8139282
item ECO CODE:ISS
diseaseannotation_id: 8139302
item ECO CODE:ISS
diseaseannotation_id: 8139322
item ECO CODE:ISS
diseaseannotation_id: 8139342
item ECO CODE:ISS
diseaseannotation_id: 8139362
item ECO CODE:ISS
diseaseannotation_id: 8139237
item ECO CODE:IGI
original eco code:ISS
adding new eco code:IGI
diseaseannotation_id: 8139257
item ECO CODE:IGI
original eco code:ISS
adding new eco code:IGI
diseaseannotation_id: 8139277
item ECO CODE:IGI
original eco code:ISS
adding new eco code:IGI
diseaseannotation_id: 8139297
item ECO CODE:IGI
original eco code:ISS
adding new eco code:IGI
diseaseannotation_id: 8139317
item ECO CODE:IGI
original eco code:ISS
adding new eco code:IGI
diseaseannotation_id: 8139337
item ECO CODE:IGI
original eco code:ISS
adding new eco code:IGI
diseaseannotation_id: 8139357
item ECO CODE:IGI
original eco code:ISS
adding new eco code:IGI
diseaseannotation_id: 8549600
item ECO CODE:ISS
diseaseannotation_id: 8138900
item ECO CODE:ISS
diseaseannotation_id: 8138922
item ECO CODE:ISS
diseaseannotation_id: 8138944
item ECO CODE:ISS
diseaseannotation_id: 8138966
item ECO CODE:ISS
diseaseannotation_id: 8138988
item ECO CODE:ISS
diseaseannotation_id: 8139010
item ECO CODE:ISS
diseaseannotation_id: 8139032
item ECO CODE:ISS
diseaseannotation_id: 8139054
item ECO CODE:ISS
diseaseannotation_id: 8139076
item ECO CODE:ISS
diseaseannotation_id: 8139098
item ECO CODE:ISS
diseaseannotation_id: 8139120
item ECO CODE:ISS
diseaseannotation_id: 8139142
item ECO CODE:ISS
diseaseannotation_id: 8139164
item ECO CODE:ISS
diseaseannotation_id: 8139184
item ECO CODE:ISS
diseaseannotation_id: 8139204
item ECO CODE:ISS
diseaseannotation_id: 8139224
item ECO CODE:ISS
diseaseannotation_id: 8139244
item ECO CODE:ISS
diseaseannotation_id: 8139264
item ECO CODE:ISS
diseaseannotation_id: 8139284
item ECO CODE:ISS
diseaseannotation_id: 8139304
item ECO CODE:ISS
diseaseannotation_id: 8139324
item ECO CODE:ISS
diseaseannotation_id: 8139344
item ECO CODE:ISS
diseaseannotation_id: 8139364
item ECO CODE:ISS
diseaseannotation_id: 8138895
item ECO CODE:IGI
original eco code:ISS
adding new eco code:IGI
diseaseannotation_id: 8138917
item ECO CODE:IGI
original eco code:ISS
adding new eco code:IGI
diseaseannotation_id: 8138939
item ECO CODE:IGI
original eco code:ISS
adding new eco code:IGI
diseaseannotation_id: 8138961
item ECO CODE:IGI
original eco code:ISS
adding new eco code:IGI
diseaseannotation_id: 8138983
item ECO CODE:IGI
original eco code:ISS
adding new eco code:IGI
diseaseannotation_id: 8139005
item ECO CODE:IGI
original eco code:ISS
adding new eco code:IGI
diseaseannotation_id: 8139027
item ECO CODE:IGI
original eco code:ISS
adding new eco code:IGI
diseaseannotation_id: 8139049
item ECO CODE:IGI
original eco code:ISS
adding new eco code:IGI
diseaseannotation_id: 8139071
item ECO CODE:IGI
original eco code:ISS
adding new eco code:IGI
diseaseannotation_id: 8549601
item ECO CODE:ISS
diseaseannotation_id: 8138902
item ECO CODE:ISS
diseaseannotation_id: 8549602
item ECO CODE:IMP
original eco code:ISS
adding new eco code:IMP
diseaseannotation_id: 8138924
item ECO CODE:ISS
diseaseannotation_id: 8138946
item ECO CODE:ISS
diseaseannotation_id: 8138968
item ECO CODE:ISS
diseaseannotation_id: 8138990
item ECO CODE:ISS
diseaseannotation_id: 8139012
item ECO CODE:ISS
diseaseannotation_id: 8139034
item ECO CODE:ISS
diseaseannotation_id: 8139056
item ECO CODE:ISS
diseaseannotation_id: 8139078
item ECO CODE:ISS
diseaseannotation_id: 8139100
item ECO CODE:ISS
diseaseannotation_id: 8139122
item ECO CODE:ISS
diseaseannotation_id: 8139144
item ECO CODE:ISS
diseaseannotation_id: 8139166
item ECO CODE:ISS
diseaseannotation_id: 8139186
item ECO CODE:ISS
diseaseannotation_id: 8139206
item ECO CODE:ISS
diseaseannotation_id: 8139226
item ECO CODE:ISS
diseaseannotation_id: 8139246
item ECO CODE:ISS
diseaseannotation_id: 8139266
item ECO CODE:ISS
diseaseannotation_id: 8139286
item ECO CODE:ISS
diseaseannotation_id: 8139306
item ECO CODE:ISS
diseaseannotation_id: 8139326
item ECO CODE:ISS
diseaseannotation_id: 8139346
item ECO CODE:ISS
diseaseannotation_id: 8139366
item ECO CODE:ISS
diseaseannotation_id: 8139093
item ECO CODE:IGI
original eco code:ISS
adding new eco code:IGI
diseaseannotation_id: 8139115
item ECO CODE:IGI
original eco code:ISS
adding new eco code:IGI
diseaseannotation_id: 8139137
item ECO CODE:IGI
original eco code:ISS
adding new eco code:IGI
diseaseannotation_id: 8139159
item ECO CODE:IGI
original eco code:ISS
adding new eco code:IGI
diseaseannotation_id: 8139179
item ECO CODE:IGI
original eco code:ISS
adding new eco code:IGI
diseaseannotation_id: 8139199
item ECO CODE:IGI
original eco code:ISS
adding new eco code:IGI
diseaseannotation_id: 8139219
item ECO CODE:IGI
original eco code:ISS
adding new eco code:IGI
diseaseannotation_id: 8139239
item ECO CODE:IGI
original eco code:ISS
adding new eco code:IGI
diseaseannotation_id: 8139259
item ECO CODE:IGI
original eco code:ISS
adding new eco code:IGI
diseaseannotation_id: 8139099
item ECO CODE:IGI
original eco code:ISS
adding new eco code:IGI
diseaseannotation_id: 8139121
item ECO CODE:IGI
original eco code:ISS
adding new eco code:IGI
diseaseannotation_id: 8139143
item ECO CODE:IGI
original eco code:ISS
adding new eco code:IGI
diseaseannotation_id: 8139165
item ECO CODE:IGI
original eco code:ISS
adding new eco code:IGI
diseaseannotation_id: 8139185
item ECO CODE:IGI
original eco code:ISS
adding new eco code:IGI
diseaseannotation_id: 8139205
item ECO CODE:IGI
original eco code:ISS
adding new eco code:IGI
diseaseannotation_id: 8139225
item ECO CODE:IGI
original eco code:ISS
adding new eco code:IGI
diseaseannotation_id: 8139245
item ECO CODE:IGI
original eco code:ISS
adding new eco code:IGI
diseaseannotation_id: 8138904
item ECO CODE:ISS
diseaseannotation_id: 8138926
item ECO CODE:ISS
diseaseannotation_id: 8138948
item ECO CODE:ISS
diseaseannotation_id: 8138970
item ECO CODE:ISS
diseaseannotation_id: 8138992
item ECO CODE:ISS
diseaseannotation_id: 8139014
item ECO CODE:ISS
diseaseannotation_id: 8139036
item ECO CODE:ISS
diseaseannotation_id: 8139058
item ECO CODE:ISS
diseaseannotation_id: 8139080
item ECO CODE:ISS
diseaseannotation_id: 8139102
item ECO CODE:ISS
diseaseannotation_id: 8139124
item ECO CODE:ISS
diseaseannotation_id: 8139146
item ECO CODE:ISS
diseaseannotation_id: 8139168
item ECO CODE:ISS
diseaseannotation_id: 8139188
item ECO CODE:ISS
diseaseannotation_id: 8139208
item ECO CODE:ISS
diseaseannotation_id: 8139228
item ECO CODE:ISS
diseaseannotation_id: 8139248
item ECO CODE:ISS
diseaseannotation_id: 8139268
item ECO CODE:ISS
diseaseannotation_id: 8139288
item ECO CODE:ISS
diseaseannotation_id: 8139308
item ECO CODE:ISS
diseaseannotation_id: 8139328
item ECO CODE:ISS
diseaseannotation_id: 8139348
item ECO CODE:ISS
diseaseannotation_id: 8139279
item ECO CODE:IGI
original eco code:ISS
adding new eco code:IGI
diseaseannotation_id: 8139299
item ECO CODE:IGI
original eco code:ISS
adding new eco code:IGI
diseaseannotation_id: 8139319
item ECO CODE:IGI
original eco code:ISS
adding new eco code:IGI
diseaseannotation_id: 8139339
item ECO CODE:IGI
original eco code:ISS
adding new eco code:IGI
diseaseannotation_id: 8139359
item ECO CODE:IGI
original eco code:ISS
adding new eco code:IGI
diseaseannotation_id: 8138897
item ECO CODE:IGI
original eco code:ISS
adding new eco code:IGI
diseaseannotation_id: 8138919
item ECO CODE:IGI
original eco code:ISS
adding new eco code:IGI
diseaseannotation_id: 8138941
item ECO CODE:IGI
original eco code:ISS
adding new eco code:IGI
diseaseannotation_id: 8138963
item ECO CODE:IGI
original eco code:ISS
adding new eco code:IGI
diseaseannotation_id: 8138985
item ECO CODE:IGI
original eco code:ISS
adding new eco code:IGI
diseaseannotation_id: 8139007
item ECO CODE:IGI
original eco code:ISS
adding new eco code:IGI
diseaseannotation_id: 8138906
item ECO CODE:ISS
diseaseannotation_id: 8138928
item ECO CODE:ISS
diseaseannotation_id: 8138950
item ECO CODE:ISS
diseaseannotation_id: 8138972
item ECO CODE:ISS
diseaseannotation_id: 8138994
item ECO CODE:ISS
diseaseannotation_id: 8139016
item ECO CODE:ISS
diseaseannotation_id: 8139038
item ECO CODE:ISS
diseaseannotation_id: 8139060
item ECO CODE:ISS
diseaseannotation_id: 8139082
item ECO CODE:ISS
diseaseannotation_id: 8139104
item ECO CODE:ISS
diseaseannotation_id: 8139126
item ECO CODE:ISS
diseaseannotation_id: 8139148
item ECO CODE:ISS
diseaseannotation_id: 8139170
item ECO CODE:ISS
diseaseannotation_id: 8139190
item ECO CODE:ISS
diseaseannotation_id: 8139210
item ECO CODE:ISS
diseaseannotation_id: 8139230
item ECO CODE:ISS
diseaseannotation_id: 8139250
item ECO CODE:ISS
diseaseannotation_id: 8139270
item ECO CODE:ISS
diseaseannotation_id: 8139290
item ECO CODE:ISS
diseaseannotation_id: 8139310
item ECO CODE:ISS
diseaseannotation_id: 8139330
item ECO CODE:ISS
diseaseannotation_id: 8139350
item ECO CODE:ISS
diseaseannotation_id: 8139029
item ECO CODE:IGI
original eco code:ISS
adding new eco code:IGI
diseaseannotation_id: 8139051
item ECO CODE:IGI
original eco code:ISS
adding new eco code:IGI
diseaseannotation_id: 8139073
item ECO CODE:IGI
original eco code:ISS
adding new eco code:IGI
diseaseannotation_id: 8139095
item ECO CODE:IGI
original eco code:ISS
adding new eco code:IGI
diseaseannotation_id: 8139117
item ECO CODE:IGI
original eco code:ISS
adding new eco code:IGI
diseaseannotation_id: 8139139
item ECO CODE:IGI
original eco code:ISS
adding new eco code:IGI
diseaseannotation_id: 8139161
item ECO CODE:IGI
original eco code:ISS
adding new eco code:IGI
diseaseannotation_id: 8139181
item ECO CODE:IGI
original eco code:ISS
adding new eco code:IGI
diseaseannotation_id: 8139201
item ECO CODE:IGI
original eco code:ISS
adding new eco code:IGI
diseaseannotation_id: 8139221
item ECO CODE:IGI
original eco code:ISS
adding new eco code:IGI
diseaseannotation_id: 8139241
item ECO CODE:IGI
original eco code:ISS
adding new eco code:IGI
diseaseannotation_id: 8138908
item ECO CODE:ISS
diseaseannotation_id: 8138930
item ECO CODE:ISS
diseaseannotation_id: 8138952
item ECO CODE:ISS
diseaseannotation_id: 8138974
item ECO CODE:ISS
diseaseannotation_id: 8138996
item ECO CODE:ISS
diseaseannotation_id: 8139018
item ECO CODE:ISS
diseaseannotation_id: 8139040
item ECO CODE:ISS
diseaseannotation_id: 8139062
item ECO CODE:ISS
diseaseannotation_id: 8139084
item ECO CODE:ISS
diseaseannotation_id: 8139106
item ECO CODE:ISS
diseaseannotation_id: 8139128
item ECO CODE:ISS
diseaseannotation_id: 8139150
item ECO CODE:ISS
diseaseannotation_id: 8139172
item ECO CODE:ISS
diseaseannotation_id: 8139192
item ECO CODE:ISS
diseaseannotation_id: 8139212
item ECO CODE:ISS
diseaseannotation_id: 8139232
item ECO CODE:ISS
diseaseannotation_id: 8139252
item ECO CODE:ISS
diseaseannotation_id: 8139272
item ECO CODE:ISS
diseaseannotation_id: 8139292
item ECO CODE:ISS
diseaseannotation_id: 8139312
item ECO CODE:ISS
diseaseannotation_id: 8139332
item ECO CODE:ISS
diseaseannotation_id: 8139352
item ECO CODE:ISS
diseaseannotation_id: 8139261
item ECO CODE:IGI
original eco code:ISS
adding new eco code:IGI
diseaseannotation_id: 8139281
item ECO CODE:IGI
original eco code:ISS
adding new eco code:IGI
diseaseannotation_id: 8139301
item ECO CODE:IGI
original eco code:ISS
adding new eco code:IGI
diseaseannotation_id: 8139321
item ECO CODE:IGI
original eco code:ISS
adding new eco code:IGI
diseaseannotation_id: 8139341
item ECO CODE:IGI
original eco code:ISS
adding new eco code:IGI
diseaseannotation_id: 8139361
item ECO CODE:IGI
original eco code:ISS
adding new eco code:IGI
diseaseannotation_id: 8138899
item ECO CODE:IGI
original eco code:ISS
adding new eco code:IGI
diseaseannotation_id: 8138921
item ECO CODE:IGI
original eco code:ISS
adding new eco code:IGI
diseaseannotation_id: 8138943
item ECO CODE:IGI
original eco code:ISS
adding new eco code:IGI
diseaseannotation_id: 8138965
item ECO CODE:IGI
original eco code:ISS
adding new eco code:IGI
diseaseannotation_id: 8138987
item ECO CODE:IGI
original eco code:ISS
adding new eco code:IGI
diseaseannotation_id: 8138910
item ECO CODE:ISS
diseaseannotation_id: 8138932
item ECO CODE:ISS
diseaseannotation_id: 8138954
item ECO CODE:ISS
diseaseannotation_id: 8138976
item ECO CODE:ISS
diseaseannotation_id: 8138998
item ECO CODE:ISS
diseaseannotation_id: 8139020
item ECO CODE:ISS
diseaseannotation_id: 8139042
item ECO CODE:ISS
diseaseannotation_id: 8139064
item ECO CODE:ISS
diseaseannotation_id: 8139086
item ECO CODE:ISS
diseaseannotation_id: 8139108
item ECO CODE:ISS
diseaseannotation_id: 8139130
item ECO CODE:ISS
diseaseannotation_id: 8139152
item ECO CODE:ISS
diseaseannotation_id: 8139174
item ECO CODE:ISS
diseaseannotation_id: 8139194
item ECO CODE:ISS
diseaseannotation_id: 8139214
item ECO CODE:ISS
diseaseannotation_id: 8139234
item ECO CODE:ISS
diseaseannotation_id: 8139254
item ECO CODE:ISS
diseaseannotation_id: 8139274
item ECO CODE:ISS
diseaseannotation_id: 8139294
item ECO CODE:ISS
diseaseannotation_id: 8139314
item ECO CODE:ISS
diseaseannotation_id: 8139334
item ECO CODE:ISS
diseaseannotation_id: 8139354
item ECO CODE:ISS
diseaseannotation_id: 8139009
item ECO CODE:IGI
original eco code:ISS
adding new eco code:IGI
diseaseannotation_id: 8139031
item ECO CODE:IGI
original eco code:ISS
adding new eco code:IGI
diseaseannotation_id: 8139053
item ECO CODE:IGI
original eco code:ISS
adding new eco code:IGI
diseaseannotation_id: 8139075
item ECO CODE:IGI
original eco code:ISS
adding new eco code:IGI
diseaseannotation_id: 8139097
item ECO CODE:IGI
original eco code:ISS
adding new eco code:IGI
diseaseannotation_id: 8139119
item ECO CODE:IGI
original eco code:ISS
adding new eco code:IGI
diseaseannotation_id: 8139141
item ECO CODE:IGI
original eco code:ISS
adding new eco code:IGI
diseaseannotation_id: 8139163
item ECO CODE:IGI
original eco code:ISS
adding new eco code:IGI
diseaseannotation_id: 8139183
item ECO CODE:IGI
original eco code:ISS
adding new eco code:IGI
diseaseannotation_id: 8139203
item ECO CODE:IGI
original eco code:ISS
adding new eco code:IGI
diseaseannotation_id: 8139223
item ECO CODE:IGI
original eco code:ISS
adding new eco code:IGI
diseaseannotation_id: 8139333
item ECO CODE:IGI
original eco code:ISS
adding new eco code:IGI
diseaseannotation_id: 8139353
item ECO CODE:IGI
original eco code:ISS
adding new eco code:IGI
diseaseannotation_id: 8138912
item ECO CODE:ISS
diseaseannotation_id: 8138934
item ECO CODE:ISS
diseaseannotation_id: 8138956
item ECO CODE:ISS
diseaseannotation_id: 8138978
item ECO CODE:ISS
diseaseannotation_id: 8139000
item ECO CODE:ISS
diseaseannotation_id: 8139022
item ECO CODE:ISS
diseaseannotation_id: 8139044
item ECO CODE:ISS
diseaseannotation_id: 8139066
item ECO CODE:ISS
diseaseannotation_id: 8139088
item ECO CODE:ISS
diseaseannotation_id: 8139110
item ECO CODE:ISS
diseaseannotation_id: 8139132
item ECO CODE:ISS
diseaseannotation_id: 8139154
item ECO CODE:ISS
diseaseannotation_id: 8139176
item ECO CODE:ISS
diseaseannotation_id: 8139196
item ECO CODE:ISS
diseaseannotation_id: 8139216
item ECO CODE:ISS
diseaseannotation_id: 8139236
item ECO CODE:ISS
diseaseannotation_id: 8139256
item ECO CODE:ISS
diseaseannotation_id: 8139276
item ECO CODE:ISS
diseaseannotation_id: 8139296
item ECO CODE:ISS
diseaseannotation_id: 8139316
item ECO CODE:ISS
diseaseannotation_id: 8139336
item ECO CODE:ISS
diseaseannotation_id: 8139356
item ECO CODE:ISS
diseaseannotation_id: 8139243
item ECO CODE:IGI
original eco code:ISS
adding new eco code:IGI
diseaseannotation_id: 8139263
item ECO CODE:IGI
original eco code:ISS
adding new eco code:IGI
diseaseannotation_id: 8139283
item ECO CODE:IGI
original eco code:ISS
adding new eco code:IGI
diseaseannotation_id: 8139303
item ECO CODE:IGI
original eco code:ISS
adding new eco code:IGI
diseaseannotation_id: 8139323
item ECO CODE:IGI
original eco code:ISS
adding new eco code:IGI
diseaseannotation_id: 8139343
item ECO CODE:IGI
original eco code:ISS
adding new eco code:IGI
diseaseannotation_id: 8139363
item ECO CODE:IGI
original eco code:ISS
adding new eco code:IGI
diseaseannotation_id: 8138901
item ECO CODE:IGI
original eco code:ISS
adding new eco code:IGI
diseaseannotation_id: 8138923
item ECO CODE:IGI
original eco code:ISS
adding new eco code:IGI
diseaseannotation_id: 8138945
item ECO CODE:IGI
original eco code:ISS
adding new eco code:IGI
diseaseannotation_id: 8138967
item ECO CODE:IGI
original eco code:ISS
adding new eco code:IGI
diseaseannotation_id: 8138810
item ECO CODE:ISS
diseaseannotation_id: 8138812
item ECO CODE:ISS
diseaseannotation_id: 8138814
item ECO CODE:ISS
diseaseannotation_id: 8138816
item ECO CODE:ISS
diseaseannotation_id: 8138818
item ECO CODE:ISS
diseaseannotation_id: 8138820
item ECO CODE:ISS
diseaseannotation_id: 8138822
item ECO CODE:ISS
diseaseannotation_id: 8138824
item ECO CODE:ISS
diseaseannotation_id: 8138826
item ECO CODE:ISS
diseaseannotation_id: 8138828
item ECO CODE:ISS
diseaseannotation_id: 8138830
item ECO CODE:ISS
diseaseannotation_id: 8138832
item ECO CODE:ISS
diseaseannotation_id: 8138834
item ECO CODE:ISS
diseaseannotation_id: 8138836
item ECO CODE:ISS
diseaseannotation_id: 8138838
item ECO CODE:ISS
diseaseannotation_id: 8138840
item ECO CODE:ISS
diseaseannotation_id: 8138842
item ECO CODE:ISS
diseaseannotation_id: 8138844
item ECO CODE:ISS
diseaseannotation_id: 8138846
item ECO CODE:ISS
diseaseannotation_id: 8138848
item ECO CODE:ISS
diseaseannotation_id: 8138850
item ECO CODE:ISS
diseaseannotation_id: 8138852
item ECO CODE:ISS
diseaseannotation_id: 8138854
item ECO CODE:ISS
diseaseannotation_id: 8138856
item ECO CODE:ISS
diseaseannotation_id: 8138858
item ECO CODE:ISS
diseaseannotation_id: 8138860
item ECO CODE:ISS
diseaseannotation_id: 8138862
item ECO CODE:ISS
diseaseannotation_id: 8138864
item ECO CODE:ISS
diseaseannotation_id: 8138866
item ECO CODE:ISS
diseaseannotation_id: 8138868
item ECO CODE:ISS
diseaseannotation_id: 8138870
item ECO CODE:ISS
diseaseannotation_id: 8138872
item ECO CODE:ISS
diseaseannotation_id: 8138874
item ECO CODE:ISS
diseaseannotation_id: 8138876
item ECO CODE:ISS
diseaseannotation_id: 8138878
item ECO CODE:ISS
diseaseannotation_id: 8138880
item ECO CODE:ISS
diseaseannotation_id: 8138882
item ECO CODE:ISS
diseaseannotation_id: 8138884
item ECO CODE:ISS
diseaseannotation_id: 8138886
item ECO CODE:ISS
diseaseannotation_id: 8138888
item ECO CODE:ISS
diseaseannotation_id: 8138890
item ECO CODE:ISS
diseaseannotation_id: 8138892
item ECO CODE:ISS
diseaseannotation_id: 8138914
item ECO CODE:ISS
diseaseannotation_id: 8138936
item ECO CODE:ISS
diseaseannotation_id: 8138958
item ECO CODE:ISS
diseaseannotation_id: 8138980
item ECO CODE:ISS
diseaseannotation_id: 8139002
item ECO CODE:ISS
diseaseannotation_id: 8139024
item ECO CODE:ISS
diseaseannotation_id: 8139046
item ECO CODE:ISS
diseaseannotation_id: 8139068
item ECO CODE:ISS
diseaseannotation_id: 8139090
item ECO CODE:ISS
diseaseannotation_id: 8139112
item ECO CODE:ISS
diseaseannotation_id: 8139134
item ECO CODE:ISS
diseaseannotation_id: 8139156
item ECO CODE:ISS
diseaseannotation_id: 8138989
item ECO CODE:IGI
original eco code:ISS
adding new eco code:IGI
diseaseannotation_id: 8139011
item ECO CODE:IGI
original eco code:ISS
adding new eco code:IGI
diseaseannotation_id: 8139033
item ECO CODE:IGI
original eco code:ISS
adding new eco code:IGI
diseaseannotation_id: 8139055
item ECO CODE:IGI
original eco code:ISS
adding new eco code:IGI
diseaseannotation_id: 8139077
item ECO CODE:IGI
original eco code:ISS
adding new eco code:IGI
diseaseannotation_id: 8139265
item ECO CODE:IGI
original eco code:ISS
adding new eco code:IGI
diseaseannotation_id: 8139285
item ECO CODE:IGI
original eco code:ISS
adding new eco code:IGI
diseaseannotation_id: 8139305
item ECO CODE:IGI
original eco code:ISS
adding new eco code:IGI
diseaseannotation_id: 8139325
item ECO CODE:IGI
original eco code:ISS
adding new eco code:IGI
diseaseannotation_id: 8139345
item ECO CODE:IGI
original eco code:ISS
adding new eco code:IGI
diseaseannotation_id: 8139365
item ECO CODE:IGI
original eco code:ISS
adding new eco code:IGI
diseaseannotation_id: 8138903
item ECO CODE:IGI
original eco code:ISS
adding new eco code:IGI
diseaseannotation_id: 8138925
item ECO CODE:IGI
original eco code:ISS
adding new eco code:IGI
diseaseannotation_id: 8138947
item ECO CODE:IGI
original eco code:ISS
adding new eco code:IGI
diseaseannotation_id: 8138969
item ECO CODE:IGI
original eco code:ISS
adding new eco code:IGI
diseaseannotation_id: 8138991
item ECO CODE:IGI
original eco code:ISS
adding new eco code:IGI
diseaseannotation_id: 8139013
item ECO CODE:IGI
original eco code:ISS
adding new eco code:IGI
diseaseannotation_id: 8139035
item ECO CODE:IGI
original eco code:ISS
adding new eco code:IGI
diseaseannotation_id: 8139057
item ECO CODE:IGI
original eco code:ISS
adding new eco code:IGI
diseaseannotation_id: 8139079
item ECO CODE:IGI
original eco code:ISS
adding new eco code:IGI
diseaseannotation_id: 8139101
item ECO CODE:IGI
original eco code:ISS
adding new eco code:IGI
diseaseannotation_id: 8139123
item ECO CODE:IGI
original eco code:ISS
adding new eco code:IGI
diseaseannotation_id: 8139145
item ECO CODE:IGI
original eco code:ISS
adding new eco code:IGI
diseaseannotation_id: 8139167
item ECO CODE:IGI
original eco code:ISS
adding new eco code:IGI
diseaseannotation_id: 8139187
item ECO CODE:IGI
original eco code:ISS
adding new eco code:IGI
diseaseannotation_id: 8139207
item ECO CODE:IGI
original eco code:ISS
adding new eco code:IGI
diseaseannotation_id: 8139227
item ECO CODE:IGI
original eco code:ISS
adding new eco code:IGI
diseaseannotation_id: 8139247
item ECO CODE:IGI
original eco code:ISS
adding new eco code:IGI
diseaseannotation_id: 8139267
item ECO CODE:IGI
original eco code:ISS
adding new eco code:IGI
diseaseannotation_id: 8139287
item ECO CODE:IGI
original eco code:ISS
adding new eco code:IGI
diseaseannotation_id: 8139307
item ECO CODE:IGI
original eco code:ISS
adding new eco code:IGI
diseaseannotation_id: 8139327
item ECO CODE:IGI
original eco code:ISS
adding new eco code:IGI
diseaseannotation_id: 8139347
item ECO CODE:IGI
original eco code:ISS
adding new eco code:IGI
diseaseannotation_id: 8138905
item ECO CODE:IGI
original eco code:ISS
adding new eco code:IGI
diseaseannotation_id: 8138927
item ECO CODE:IGI
original eco code:ISS
adding new eco code:IGI
diseaseannotation_id: 8138949
item ECO CODE:IGI
original eco code:ISS
adding new eco code:IGI
diseaseannotation_id: 8138971
item ECO CODE:IGI
original eco code:ISS
adding new eco code:IGI
diseaseannotation_id: 8138993
item ECO CODE:IGI
original eco code:ISS
adding new eco code:IGI
diseaseannotation_id: 8139015
item ECO CODE:IGI
original eco code:ISS
adding new eco code:IGI
diseaseannotation_id: 8139037
item ECO CODE:IGI
original eco code:ISS
adding new eco code:IGI
diseaseannotation_id: 8139059
item ECO CODE:IGI
original eco code:ISS
adding new eco code:IGI
diseaseannotation_id: 8139081
item ECO CODE:IGI
original eco code:ISS
adding new eco code:IGI
diseaseannotation_id: 8139103
item ECO CODE:IGI
original eco code:ISS
adding new eco code:IGI
diseaseannotation_id: 8139125
item ECO CODE:IGI
original eco code:ISS
adding new eco code:IGI
diseaseannotation_id: 8139147
item ECO CODE:IGI
original eco code:ISS
adding new eco code:IGI
diseaseannotation_id: 8139169
item ECO CODE:IGI
original eco code:ISS
adding new eco code:IGI
diseaseannotation_id: 8139189
item ECO CODE:IGI
original eco code:ISS
adding new eco code:IGI
diseaseannotation_id: 8139209
item ECO CODE:IGI
original eco code:ISS
adding new eco code:IGI
diseaseannotation_id: 8139229
item ECO CODE:IGI
original eco code:ISS
adding new eco code:IGI
diseaseannotation_id: 8139249
item ECO CODE:IGI
original eco code:ISS
adding new eco code:IGI
diseaseannotation_id: 8139269
item ECO CODE:IGI
original eco code:ISS
adding new eco code:IGI
diseaseannotation_id: 8139289
item ECO CODE:IGI
original eco code:ISS
adding new eco code:IGI
diseaseannotation_id: 8139309
item ECO CODE:IGI
original eco code:ISS
adding new eco code:IGI
diseaseannotation_id: 8139329
item ECO CODE:IGI
original eco code:ISS
adding new eco code:IGI
diseaseannotation_id: 8139349
item ECO CODE:IGI
original eco code:ISS
adding new eco code:IGI
diseaseannotation_id: 8138907
item ECO CODE:IGI
original eco code:ISS
adding new eco code:IGI
diseaseannotation_id: 8138929
item ECO CODE:IGI
original eco code:ISS
adding new eco code:IGI
diseaseannotation_id: 8138951
item ECO CODE:IGI
original eco code:ISS
adding new eco code:IGI
diseaseannotation_id: 8138973
item ECO CODE:IGI
original eco code:ISS
adding new eco code:IGI
diseaseannotation_id: 8138995
item ECO CODE:IGI
original eco code:ISS
adding new eco code:IGI
diseaseannotation_id: 8139017
item ECO CODE:IGI
original eco code:ISS
adding new eco code:IGI
diseaseannotation_id: 8139039
item ECO CODE:IGI
original eco code:ISS
adding new eco code:IGI
diseaseannotation_id: 8139061
item ECO CODE:IGI
original eco code:ISS
adding new eco code:IGI
diseaseannotation_id: 8139083
item ECO CODE:IGI
original eco code:ISS
adding new eco code:IGI
diseaseannotation_id: 8139105
item ECO CODE:IGI
original eco code:ISS
adding new eco code:IGI
diseaseannotation_id: 8139127
item ECO CODE:IGI
original eco code:ISS
adding new eco code:IGI
diseaseannotation_id: 8139149
item ECO CODE:IGI
original eco code:ISS
adding new eco code:IGI
diseaseannotation_id: 8139171
item ECO CODE:IGI
original eco code:ISS
adding new eco code:IGI
diseaseannotation_id: 8139191
item ECO CODE:IGI
original eco code:ISS
adding new eco code:IGI
diseaseannotation_id: 8139211
item ECO CODE:IGI
original eco code:ISS
adding new eco code:IGI
diseaseannotation_id: 8139231
item ECO CODE:IGI
original eco code:ISS
adding new eco code:IGI
diseaseannotation_id: 8139251
item ECO CODE:IGI
original eco code:ISS
adding new eco code:IGI
diseaseannotation_id: 8139271
item ECO CODE:IGI
original eco code:ISS
adding new eco code:IGI
diseaseannotation_id: 8139291
item ECO CODE:IGI
original eco code:ISS
adding new eco code:IGI
diseaseannotation_id: 8139311
item ECO CODE:IGI
original eco code:ISS
adding new eco code:IGI
diseaseannotation_id: 8139331
item ECO CODE:IGI
original eco code:ISS
adding new eco code:IGI
diseaseannotation_id: 8139351
item ECO CODE:IGI
original eco code:ISS
adding new eco code:IGI
diseaseannotation_id: 8138909
item ECO CODE:IGI
original eco code:ISS
adding new eco code:IGI
diseaseannotation_id: 8138931
item ECO CODE:IGI
original eco code:ISS
adding new eco code:IGI
diseaseannotation_id: 8138953
item ECO CODE:IGI
original eco code:ISS
adding new eco code:IGI
diseaseannotation_id: 8138975
item ECO CODE:IGI
original eco code:ISS
adding new eco code:IGI
diseaseannotation_id: 8138997
item ECO CODE:IGI
original eco code:ISS
adding new eco code:IGI
diseaseannotation_id: 8139019
item ECO CODE:IGI
original eco code:ISS
adding new eco code:IGI
diseaseannotation_id: 8139041
item ECO CODE:IGI
original eco code:ISS
adding new eco code:IGI
diseaseannotation_id: 8139063
item ECO CODE:IGI
original eco code:ISS
adding new eco code:IGI
diseaseannotation_id: 8139085
item ECO CODE:IGI
original eco code:ISS
adding new eco code:IGI
diseaseannotation_id: 8139107
item ECO CODE:IGI
original eco code:ISS
adding new eco code:IGI
diseaseannotation_id: 8139129
item ECO CODE:IGI
original eco code:ISS
adding new eco code:IGI
diseaseannotation_id: 8139151
item ECO CODE:IGI
original eco code:ISS
adding new eco code:IGI
diseaseannotation_id: 8139173
item ECO CODE:IGI
original eco code:ISS
adding new eco code:IGI
diseaseannotation_id: 8139193
item ECO CODE:IGI
original eco code:ISS
adding new eco code:IGI
diseaseannotation_id: 8139213
item ECO CODE:IGI
original eco code:ISS
adding new eco code:IGI
diseaseannotation_id: 8139233
item ECO CODE:IGI
original eco code:ISS
adding new eco code:IGI
diseaseannotation_id: 8139253
item ECO CODE:IGI
original eco code:ISS
adding new eco code:IGI
diseaseannotation_id: 8139273
item ECO CODE:IGI
original eco code:ISS
adding new eco code:IGI
diseaseannotation_id: 8139293
item ECO CODE:IGI
original eco code:ISS
adding new eco code:IGI
diseaseannotation_id: 8139313
item ECO CODE:IGI
original eco code:ISS
adding new eco code:IGI
diseaseannotation_id: 8138911
item ECO CODE:IGI
original eco code:ISS
adding new eco code:IGI
diseaseannotation_id: 8138933
item ECO CODE:IGI
original eco code:ISS
adding new eco code:IGI
diseaseannotation_id: 8138955
item ECO CODE:IGI
original eco code:ISS
adding new eco code:IGI
diseaseannotation_id: 8138977
item ECO CODE:IGI
original eco code:ISS
adding new eco code:IGI
diseaseannotation_id: 8138999
item ECO CODE:IGI
original eco code:ISS
adding new eco code:IGI
diseaseannotation_id: 8139021
item ECO CODE:IGI
original eco code:ISS
adding new eco code:IGI
diseaseannotation_id: 8139043
item ECO CODE:IGI
original eco code:ISS
adding new eco code:IGI
diseaseannotation_id: 8139065
item ECO CODE:IGI
original eco code:ISS
adding new eco code:IGI
diseaseannotation_id: 8139087
item ECO CODE:IGI
original eco code:ISS
adding new eco code:IGI
diseaseannotation_id: 8139109
item ECO CODE:IGI
original eco code:ISS
adding new eco code:IGI
diseaseannotation_id: 8139131
item ECO CODE:IGI
original eco code:ISS
adding new eco code:IGI
diseaseannotation_id: 8139153
item ECO CODE:IGI
original eco code:ISS
adding new eco code:IGI
diseaseannotation_id: 8139175
item ECO CODE:IGI
original eco code:ISS
adding new eco code:IGI
diseaseannotation_id: 8139195
item ECO CODE:IGI
original eco code:ISS
adding new eco code:IGI
diseaseannotation_id: 8139215
item ECO CODE:IGI
original eco code:ISS
adding new eco code:IGI
diseaseannotation_id: 8139235
item ECO CODE:IGI
original eco code:ISS
adding new eco code:IGI
diseaseannotation_id: 8139255
item ECO CODE:IGI
original eco code:ISS
adding new eco code:IGI
diseaseannotation_id: 8139275
item ECO CODE:IGI
original eco code:ISS
adding new eco code:IGI
diseaseannotation_id: 8139295
item ECO CODE:IGI
original eco code:ISS
adding new eco code:IGI
diseaseannotation_id: 8139315
item ECO CODE:IGI
original eco code:ISS
adding new eco code:IGI
diseaseannotation_id: 8139335
item ECO CODE:IGI
original eco code:ISS
adding new eco code:IGI
diseaseannotation_id: 8139355
item ECO CODE:IGI
original eco code:ISS
adding new eco code:IGI
diseaseannotation_id: 8138809
item ECO CODE:IGI
original eco code:ISS
adding new eco code:IGI
diseaseannotation_id: 8138811
item ECO CODE:IGI
original eco code:ISS
adding new eco code:IGI
diseaseannotation_id: 8138813
item ECO CODE:IGI
original eco code:ISS
adding new eco code:IGI
diseaseannotation_id: 8138815
item ECO CODE:IGI
original eco code:ISS
adding new eco code:IGI
diseaseannotation_id: 8138817
item ECO CODE:IGI
original eco code:ISS
adding new eco code:IGI
diseaseannotation_id: 8138819
item ECO CODE:IGI
original eco code:ISS
adding new eco code:IGI
diseaseannotation_id: 8138821
item ECO CODE:IGI
original eco code:ISS
adding new eco code:IGI
diseaseannotation_id: 8138823
item ECO CODE:IGI
original eco code:ISS
adding new eco code:IGI
diseaseannotation_id: 8138825
item ECO CODE:IGI
original eco code:ISS
adding new eco code:IGI
diseaseannotation_id: 8138827
item ECO CODE:IGI
original eco code:ISS
adding new eco code:IGI
diseaseannotation_id: 8138829
item ECO CODE:IGI
original eco code:ISS
adding new eco code:IGI
diseaseannotation_id: 8138831
item ECO CODE:IGI
original eco code:ISS
adding new eco code:IGI
diseaseannotation_id: 8138833
item ECO CODE:IGI
original eco code:ISS
adding new eco code:IGI
diseaseannotation_id: 8138835
item ECO CODE:IGI
original eco code:ISS
adding new eco code:IGI
diseaseannotation_id: 8138837
item ECO CODE:IGI
original eco code:ISS
adding new eco code:IGI
diseaseannotation_id: 8138839
item ECO CODE:IGI
original eco code:ISS
adding new eco code:IGI
diseaseannotation_id: 8138841
item ECO CODE:IGI
original eco code:ISS
adding new eco code:IGI
diseaseannotation_id: 8138843
item ECO CODE:IGI
original eco code:ISS
adding new eco code:IGI
diseaseannotation_id: 8138845
item ECO CODE:IGI
original eco code:ISS
adding new eco code:IGI
diseaseannotation_id: 8138847
item ECO CODE:IGI
original eco code:ISS
adding new eco code:IGI
diseaseannotation_id: 8138849
item ECO CODE:IGI
original eco code:ISS
adding new eco code:IGI
diseaseannotation_id: 8138851
item ECO CODE:IGI
original eco code:ISS
adding new eco code:IGI
diseaseannotation_id: 8138853
item ECO CODE:IGI
original eco code:ISS
adding new eco code:IGI
diseaseannotation_id: 8138855
item ECO CODE:IGI
original eco code:ISS
adding new eco code:IGI
diseaseannotation_id: 8138857
item ECO CODE:IGI
original eco code:ISS
adding new eco code:IGI
diseaseannotation_id: 8138859
item ECO CODE:IGI
original eco code:ISS
adding new eco code:IGI
diseaseannotation_id: 8138861
item ECO CODE:IGI
original eco code:ISS
adding new eco code:IGI
diseaseannotation_id: 8138863
item ECO CODE:IGI
original eco code:ISS
adding new eco code:IGI
diseaseannotation_id: 8138865
item ECO CODE:IGI
original eco code:ISS
adding new eco code:IGI
diseaseannotation_id: 8138867
item ECO CODE:IGI
original eco code:ISS
adding new eco code:IGI
diseaseannotation_id: 8138869
item ECO CODE:IGI
original eco code:ISS
adding new eco code:IGI
diseaseannotation_id: 8138871
item ECO CODE:IGI
original eco code:ISS
adding new eco code:IGI
diseaseannotation_id: 8138873
item ECO CODE:IGI
original eco code:ISS
adding new eco code:IGI
diseaseannotation_id: 8138875
item ECO CODE:IGI
original eco code:ISS
adding new eco code:IGI
diseaseannotation_id: 8138877
item ECO CODE:IGI
original eco code:ISS
adding new eco code:IGI
diseaseannotation_id: 8138879
item ECO CODE:IGI
original eco code:ISS
adding new eco code:IGI
diseaseannotation_id: 8138881
item ECO CODE:IGI
original eco code:ISS
adding new eco code:IGI
diseaseannotation_id: 8138883
item ECO CODE:IGI
original eco code:ISS
adding new eco code:IGI
diseaseannotation_id: 8138885
item ECO CODE:IGI
original eco code:ISS
adding new eco code:IGI
diseaseannotation_id: 8138887
item ECO CODE:IGI
original eco code:ISS
adding new eco code:IGI
diseaseannotation_id: 8138889
item ECO CODE:IGI
original eco code:ISS
adding new eco code:IGI
diseaseannotation_id: 8138891
item ECO CODE:IGI
original eco code:ISS
adding new eco code:IGI
diseaseannotation_id: 8138913
item ECO CODE:IGI
original eco code:ISS
adding new eco code:IGI
diseaseannotation_id: 8138935
item ECO CODE:IGI
original eco code:ISS
adding new eco code:IGI
diseaseannotation_id: 8138957
item ECO CODE:IGI
original eco code:ISS
adding new eco code:IGI
diseaseannotation_id: 8138979
item ECO CODE:IGI
original eco code:ISS
adding new eco code:IGI
diseaseannotation_id: 8139001
item ECO CODE:IGI
original eco code:ISS
adding new eco code:IGI
diseaseannotation_id: 8139023
item ECO CODE:IGI
original eco code:ISS
adding new eco code:IGI
diseaseannotation_id: 8139045
item ECO CODE:IGI
original eco code:ISS
adding new eco code:IGI
diseaseannotation_id: 8139067
item ECO CODE:IGI
original eco code:ISS
adding new eco code:IGI
diseaseannotation_id: 8139089
item ECO CODE:IGI
original eco code:ISS
adding new eco code:IGI
diseaseannotation_id: 8139111
item ECO CODE:IGI
original eco code:ISS
adding new eco code:IGI
diseaseannotation_id: 8139133
item ECO CODE:IGI
original eco code:ISS
adding new eco code:IGI
diseaseannotation_id: 8139155
item ECO CODE:IGI
original eco code:ISS
adding new eco code:IGI
diseaseannotation_id: 8139177
item ECO CODE:IGI
original eco code:ISS
adding new eco code:IGI
# objs:295
